[2025-04-12 00:34:42] ERROR: Erreur lors de l'enregistrement de l'activité utilisateur: (conn:9626, no: 1452, SQLState: 23000) Cannot add or update a child row: a foreign key constraint fails (`luma`.`luma_user_activity`, CONSTRAINT `fk_activity_token` FOREIGN KEY (`token_jti`) REFERENCES `luma_tokens` (`jti`) ON DELETE SET NULL ON UPDATE CASCADE)
sql: INSERT INTO `luma_user_activity` (`id`,`user_id`,`action`,`description`,`ip_address`,`user_agent`,`module`,`status`,`created_at`,`token_jti`) VALUES (DEFAULT,?,?,?,?,?,?,?,?,?); - parameters:[3,'login','Connexion réussie','::ffff:192.168.1.120','Mozilla/5....
[2025-04-12 14:45:43] ERROR: Erreur lors de la récupération des activités de l'utilisateur: (conn:11562, no: 1054, SQLState: 42S22) Unknown column 'NaN' in 'WHERE'
sql: SELECT `id`, `username`, `password`, `email`, `name`, `role`, `account_administrator`, `account_active`, `last_login`, `created_at`, `updated_at` FROM `luma_users` AS `User` WHERE `User`.`id` = NaN; - parameters:[]
[2025-04-12 14:50:44] ERROR: Erreur lors de la récupération des activités de l'utilisateur: (conn:11575, no: 1054, SQLState: 42S22) Unknown column 'NaN' in 'WHERE'
sql: SELECT `id`, `username`, `password`, `email`, `name`, `role`, `account_administrator`, `account_active`, `last_login`, `created_at`, `updated_at` FROM `luma_users` AS `User` WHERE `User`.`id` = NaN; - parameters:[]
[2025-04-12 14:55:43] ERROR: Erreur lors de la récupération des activités de l'utilisateur: (conn:11588, no: 1054, SQLState: 42S22) Unknown column 'NaN' in 'WHERE'
sql: SELECT `id`, `username`, `password`, `email`, `name`, `role`, `account_administrator`, `account_active`, `last_login`, `created_at`, `updated_at` FROM `luma_users` AS `User` WHERE `User`.`id` = NaN; - parameters:[]
[2025-04-12 14:56:14] ERROR: Erreur lors de la récupération des activités de l'utilisateur: (conn:11590, no: 1054, SQLState: 42S22) Unknown column 'NaN' in 'WHERE'
sql: SELECT `id`, `username`, `password`, `email`, `name`, `role`, `account_administrator`, `account_active`, `last_login`, `created_at`, `updated_at` FROM `luma_users` AS `User` WHERE `User`.`id` = NaN; - parameters:[]
[2025-04-12 14:57:59] ERROR: Erreur lors de la récupération des activités de l'utilisateur: (conn:11594, no: 1054, SQLState: 42S22) Unknown column 'NaN' in 'WHERE'
sql: SELECT `id`, `username`, `password`, `email`, `name`, `role`, `account_administrator`, `account_active`, `last_login`, `created_at`, `updated_at` FROM `luma_users` AS `User` WHERE `User`.`id` = NaN; - parameters:[]
[2025-04-12 14:58:36] ERROR: Erreur lors de la récupération des activités de l'utilisateur: (conn:11597, no: 1054, SQLState: 42S22) Unknown column 'NaN' in 'WHERE'
sql: SELECT `id`, `username`, `password`, `email`, `name`, `role`, `account_administrator`, `account_active`, `last_login`, `created_at`, `updated_at` FROM `luma_users` AS `User` WHERE `User`.`id` = NaN; - parameters:[]
[2025-04-12 14:59:40] ERROR: Erreur lors de la récupération des activités de l'utilisateur: (conn:11604, no: 1054, SQLState: 42S22) Unknown column 'NaN' in 'WHERE'
sql: SELECT `id`, `username`, `password`, `email`, `name`, `role`, `account_administrator`, `account_active`, `last_login`, `created_at`, `updated_at` FROM `luma_users` AS `User` WHERE `User`.`id` = NaN; - parameters:[]
[2025-04-12 22:42:27] ERROR: Erreur lors de la récupération des tickets: TicketCategory is not associated to Ticket!
[2025-04-12 22:42:27] ERROR: Erreur lors de la récupération des tickets: TicketCategory is not associated to Ticket!
[2025-04-12 22:43:24] ERROR: Erreur lors de la récupération des tickets: TicketCategory is associated to Ticket using an alias. You must use the 'as' keyword to specify the alias within your include statement.
[2025-04-12 22:43:24] ERROR: Erreur lors de la récupération des tickets: TicketCategory is associated to Ticket using an alias. You must use the 'as' keyword to specify the alias within your include statement.
[2025-04-12 22:44:03] ERROR: Erreur lors de la récupération des tickets: (conn:13028, no: 1054, SQLState: 42S22) Unknown column 'Ticket.user_id' in 'ON'
sql: SELECT count(`Ticket`.`id`) AS `count` FROM `luma_tickets` AS `Ticket` LEFT OUTER JOIN `luma_users` AS `creator` ON `Ticket`.`user_id` = `creator`.`id` LEFT OUTER JOIN `luma_users` AS `assignee` ON `Ticket`.`assigned_to` = `assignee`.`id` LEFT OUTER JOIN `... - parameters:[]
[2025-04-12 22:44:03] ERROR: Erreur lors de la récupération des tickets: (conn:13028, no: 1054, SQLState: 42S22) Unknown column 'Ticket.user_id' in 'ON'
sql: SELECT count(`Ticket`.`id`) AS `count` FROM `luma_tickets` AS `Ticket` LEFT OUTER JOIN `luma_users` AS `creator` ON `Ticket`.`user_id` = `creator`.`id` LEFT OUTER JOIN `luma_users` AS `assignee` ON `Ticket`.`assigned_to` = `assignee`.`id` LEFT OUTER JOIN `... - parameters:[]
[2025-04-13 17:52:12] ERROR: Erreur lors de la récupération des utilisateurs: (conn:16291, no: 1054, SQLState: 42S22) Unknown column 'first_name' in 'SELECT'
sql: SELECT `id`, `username`, `email`, `role`, `first_name`, `last_name`, `is_active`, `created_at` FROM `luma_users` AS `User` ORDER BY `User`.`username` ASC; - parameters:[]
[2025-04-14 10:12:21] ERROR: Erreur lors de l'inscription: notNull Violation: User.name cannot be null
[2025-04-14 10:13:22] ERROR: Erreur lors de l'inscription: notNull Violation: User.name cannot be null
[2025-04-14 10:14:30] ERROR: Erreur lors de l'inscription: notNull Violation: User.name cannot be null
[2025-04-14 10:15:35] ERROR: Erreur lors de l'inscription: (conn:19253, no: 1364, SQLState: HY000) Field 'name' doesn't have a default value
sql: INSERT INTO `luma_users` (`id`,`username`,`password`,`email`,`role`,`account_administrator`,`account_active`,`created_at`) VALUES (DEFAULT,?,?,?,?,?,?,?); - parameters:['LeSup3erUsers','$2b$10$mkzsXRXqbw0vtENeto9xme81ALBmcdk7OnwfXTJblU7hED7kDrpIy','tset@ts...
[2025-04-14 10:17:38] ERROR: Erreur lors de l'inscription: (conn:19259, no: 1364, SQLState: HY000) Field 'name' doesn't have a default value
sql: INSERT INTO `luma_users` (`id`,`username`,`password`,`email`,`role`,`account_administrator`,`account_active`,`created_at`) VALUES (DEFAULT,?,?,?,?,?,?,?); - parameters:['LeSup3erUsers','$2b$10$RJ7D9qfhOWbZI/ReTIwDUeN9Ayv0Wp0vfSQVgkfdjer7nl1Cm3DMK','tset@ts...
[2025-04-14 10:27:48] ERROR: Erreur lors de l'inscription: (conn:19285, no: 1364, SQLState: HY000) Field 'name' doesn't have a default value
sql: INSERT INTO `luma_users` (`id`,`username`,`password`,`email`,`role`,`account_administrator`,`account_active`,`created_at`) VALUES (DEFAULT,?,?,?,?,?,?,?); - parameters:['LeSup3erUsers','$2b$10$8nV/mnUGzVVhMyrxt3TgX.63ZLYMefBbOT0Zl2N4mjyppw6.wGv1u','tset@ts...
[2025-04-14 12:31:27] ERROR: Erreur lors de la création de l'escalade: (conn:19972, no: 1265, SQLState: 01000) Data truncated for column 'status' at row 1
sql: UPDATE `luma_tickets` SET `status`=?,`updated_at`=? WHERE `id` = ? - parameters:['escalated','2025-04-14 10:31:27.290',2]
[2025-04-14 12:36:36] ERROR: Erreur lors de la création de l'escalade: (conn:19984, no: 1265, SQLState: 01000) Data truncated for column 'status' at row 1
sql: UPDATE `luma_tickets` SET `status`=?,`updated_at`=? WHERE `id` = ? - parameters:['escalated','2025-04-14 10:36:36.981',2]
[2025-04-14 12:47:17] ERROR: Erreur lors de la récupération des escalades: (conn:20052, no: 1146, SQLState: 42S02) Table 'luma.ticket_escalations' doesn't exist
sql: SELECT `TicketEscalation`.`id`, `TicketEscalation`.`ticket_id`, `TicketEscalation`.`escalated_by`, `TicketEscalation`.`escalated_to`, `TicketEscalation`.`reason`, `TicketEscalation`.`status`, `TicketEscalation`.`response`, `TicketEscalation`.`created_at`, ... - parameters:[]
[2025-04-14 12:47:38] ERROR: Erreur lors de la création de l'escalade: (conn:20056, no: 1146, SQLState: 42S02) Table 'luma.ticket_escalations' doesn't exist
sql: INSERT INTO `ticket_escalations` (`id`,`ticket_id`,`escalated_by`,`escalated_to`,`reason`,`status`,`created_at`,`updated_at`) VALUES (DEFAULT,?,?,?,?,?,?,?); - parameters:[1,3,'4','Ceci est un test','accepted','2025-04-14 10:47:38.166','2025-04-14 10:47:38...
[2025-04-14 12:58:31] ERROR: Erreur lors de la création de l'escalade: (conn:20094, no: 1054, SQLState: 42S22) Unknown column 'escalated_by' in 'INSERT INTO'
sql: INSERT INTO `ticket_escalation` (`id`,`ticket_id`,`escalated_by`,`escalated_to`,`reason`,`status`,`created_at`,`updated_at`) VALUES (DEFAULT,?,?,?,?,?,?,?); - parameters:[1,3,'4','Ceci est un test','accepted','2025-04-14 10:58:31.560','2025-04-14 10:58:31....
[2025-04-14 13:03:40] ERROR: Erreur lors de la création de l'escalade: User is associated to TicketEscalation multiple times. To identify the correct association, you must use the 'as' keyword to specify the alias of the association you want to include.
[2025-04-14 13:04:18] ERROR: Erreur lors de la création de l'escalade: User is associated to TicketEscalation multiple times. To identify the correct association, you must use the 'as' keyword to specify the alias of the association you want to include.
[2025-04-14 13:06:12] ERROR: Erreur lors de la création de l'escalade: User is associated to TicketEscalation using an alias. You've included an alias (escalator), but it does not match the alias(es) defined in your association (assignedTo).
[2025-04-14 13:07:05] ERROR: Erreur lors de la récupération des escalades: User is associated to TicketEscalation using an alias. You've included an alias (escalator), but it does not match the alias(es) defined in your association (assignedTo).
[2025-04-14 13:07:11] ERROR: Erreur lors de la récupération des escalades: User is associated to TicketEscalation using an alias. You've included an alias (escalator), but it does not match the alias(es) defined in your association (assignedTo).
[2025-04-14 16:40:23] ERROR: Activité utilisateur: [2] failed_login - Échec de la connexion (auth) [failure]
[2025-04-14 16:54:58] ERROR: Erreur de vérification du token: (conn:20882, no: 1054, SQLState: 42S22) Unknown column 'UserToken.is_valid' in 'WHERE'
sql: SELECT `id`, `user_id`, `token`, `jti`, `issued_at`, `expires_at`, `revoked`, `revoked_by`, `revoked_at`, `device_info`, `ip_address`, `created_at`, `updated_at`, `created_at` AS `createdAt`, `updated_at` AS `updatedAt` FROM `luma_tokens` AS `UserToken` WH... - parameters:[]
[2025-04-14 16:54:58] ERROR: Erreur de vérification du token: (conn:20882, no: 1054, SQLState: 42S22) Unknown column 'UserToken.is_valid' in 'WHERE'
sql: SELECT `id`, `user_id`, `token`, `jti`, `issued_at`, `expires_at`, `revoked`, `revoked_by`, `revoked_at`, `device_info`, `ip_address`, `created_at`, `updated_at`, `created_at` AS `createdAt`, `updated_at` AS `updatedAt` FROM `luma_tokens` AS `UserToken` WH... - parameters:[]
[2025-04-14 16:54:58] ERROR: Erreur de vérification du token: (conn:20882, no: 1054, SQLState: 42S22) Unknown column 'UserToken.is_valid' in 'WHERE'
sql: SELECT `id`, `user_id`, `token`, `jti`, `issued_at`, `expires_at`, `revoked`, `revoked_by`, `revoked_at`, `device_info`, `ip_address`, `created_at`, `updated_at`, `created_at` AS `createdAt`, `updated_at` AS `updatedAt` FROM `luma_tokens` AS `UserToken` WH... - parameters:[]
[2025-04-14 16:54:58] ERROR: Erreur de vérification du token: (conn:20882, no: 1054, SQLState: 42S22) Unknown column 'UserToken.is_valid' in 'WHERE'
sql: SELECT `id`, `user_id`, `token`, `jti`, `issued_at`, `expires_at`, `revoked`, `revoked_by`, `revoked_at`, `device_info`, `ip_address`, `created_at`, `updated_at`, `created_at` AS `createdAt`, `updated_at` AS `updatedAt` FROM `luma_tokens` AS `UserToken` WH... - parameters:[]
[2025-04-14 16:54:59] ERROR: Erreur de vérification du token: jwt malformed
[2025-04-14 16:54:59] ERROR: Erreur de vérification du token: jwt malformed
[2025-04-14 16:54:59] ERROR: Erreur de vérification du token: jwt malformed
[2025-04-14 16:54:59] ERROR: Erreur de vérification du token: jwt malformed
[2025-04-14 16:54:59] ERROR: Erreur de vérification du token: jwt malformed
[2025-04-14 16:54:59] ERROR: Erreur de vérification du token: jwt malformed
[2025-04-14 16:54:59] ERROR: Erreur de vérification du token: jwt malformed
[2025-04-14 16:54:59] ERROR: Erreur de vérification du token: jwt malformed
[2025-04-14 16:55:00] ERROR: Erreur de vérification du token: jwt malformed
[2025-04-14 16:55:00] ERROR: Erreur de vérification du token: jwt malformed
[2025-04-14 16:55:00] ERROR: Erreur de vérification du token: jwt malformed
[2025-04-14 16:55:00] ERROR: Erreur de vérification du token: jwt malformed
[2025-04-14 16:55:00] ERROR: Erreur de vérification du token: jwt malformed
[2025-04-14 16:55:00] ERROR: Erreur de vérification du token: jwt malformed
[2025-04-14 16:55:00] ERROR: Erreur de vérification du token: jwt malformed
[2025-04-14 16:55:00] ERROR: Erreur de vérification du token: jwt malformed
[2025-04-14 16:55:00] ERROR: Erreur de vérification du token: jwt malformed
[2025-04-14 16:55:00] ERROR: Erreur de vérification du token: jwt malformed
[2025-04-14 16:55:00] ERROR: Erreur de vérification du token: jwt malformed
[2025-04-14 16:55:00] ERROR: Erreur de vérification du token: jwt malformed
[2025-04-14 16:55:01] ERROR: Erreur de vérification du token: jwt malformed
[2025-04-14 16:55:01] ERROR: Erreur de vérification du token: jwt malformed
[2025-04-14 16:55:01] ERROR: Erreur de vérification du token: jwt malformed
[2025-04-14 16:55:01] ERROR: Erreur de vérification du token: jwt malformed
[2025-04-14 16:55:01] ERROR: Erreur de vérification du token: jwt malformed
[2025-04-14 16:55:01] ERROR: Erreur de vérification du token: jwt malformed
[2025-04-14 16:55:01] ERROR: Erreur de vérification du token: jwt malformed
[2025-04-14 16:55:01] ERROR: Erreur de vérification du token: jwt malformed
[2025-04-14 16:55:01] ERROR: Erreur de vérification du token: jwt malformed
[2025-04-14 16:55:01] ERROR: Erreur de vérification du token: jwt malformed
[2025-04-14 16:55:02] ERROR: Erreur de vérification du token: jwt malformed
[2025-04-14 16:55:02] ERROR: Erreur de vérification du token: jwt malformed
[2025-04-14 16:55:02] ERROR: Erreur de vérification du token: jwt malformed
[2025-04-14 16:55:02] ERROR: Erreur de vérification du token: jwt malformed
[2025-04-14 16:55:02] ERROR: Erreur de vérification du token: jwt malformed
[2025-04-14 16:55:02] ERROR: Erreur de vérification du token: jwt malformed
[2025-04-14 16:55:02] ERROR: Erreur de vérification du token: jwt malformed
[2025-04-14 16:55:02] ERROR: Erreur de vérification du token: jwt malformed
[2025-04-14 16:55:02] ERROR: Erreur de vérification du token: jwt malformed
[2025-04-14 16:55:02] ERROR: Erreur de vérification du token: jwt malformed
[2025-04-14 16:55:03] ERROR: Erreur de vérification du token: jwt malformed
[2025-04-14 16:55:03] ERROR: Erreur de vérification du token: jwt malformed
[2025-04-14 16:55:03] ERROR: Erreur de vérification du token: jwt malformed
[2025-04-14 16:55:03] ERROR: Erreur de vérification du token: jwt malformed
[2025-04-14 16:55:03] ERROR: Erreur de vérification du token: jwt malformed
[2025-04-14 16:55:03] ERROR: Erreur de vérification du token: jwt malformed
[2025-04-14 16:55:03] ERROR: Erreur de vérification du token: jwt malformed
[2025-04-14 16:55:03] ERROR: Erreur de vérification du token: jwt malformed
[2025-04-14 16:55:03] ERROR: Erreur de vérification du token: jwt malformed
[2025-04-14 16:55:03] ERROR: Erreur de vérification du token: jwt malformed
[2025-04-14 16:55:04] ERROR: Erreur de vérification du token: jwt malformed
[2025-04-14 16:55:04] ERROR: Erreur de vérification du token: jwt malformed
[2025-04-14 16:55:04] ERROR: Erreur de vérification du token: jwt malformed
[2025-04-14 16:55:04] ERROR: Erreur de vérification du token: jwt malformed
[2025-04-14 16:55:04] ERROR: Erreur de vérification du token: jwt malformed
[2025-04-14 16:55:04] ERROR: Erreur de vérification du token: jwt malformed
[2025-04-14 16:55:04] ERROR: Erreur de vérification du token: jwt malformed
[2025-04-14 16:55:04] ERROR: Erreur de vérification du token: jwt malformed
[2025-04-14 16:55:04] ERROR: Erreur de vérification du token: jwt malformed
[2025-04-14 16:55:04] ERROR: Erreur de vérification du token: jwt malformed
[2025-04-14 16:55:05] ERROR: Erreur de vérification du token: jwt malformed
[2025-04-14 16:55:05] ERROR: Erreur de vérification du token: jwt malformed
[2025-04-14 16:55:05] ERROR: Erreur de vérification du token: jwt malformed
[2025-04-14 16:55:05] ERROR: Erreur de vérification du token: jwt malformed
[2025-04-14 16:55:05] ERROR: Erreur de vérification du token: jwt malformed
[2025-04-14 16:55:05] ERROR: Erreur de vérification du token: jwt malformed
[2025-04-14 16:55:05] ERROR: Erreur de vérification du token: jwt malformed
[2025-04-14 16:55:05] ERROR: Erreur de vérification du token: jwt malformed
[2025-04-14 16:55:05] ERROR: Erreur de vérification du token: jwt malformed
[2025-04-14 16:55:05] ERROR: Erreur de vérification du token: jwt malformed
[2025-04-14 16:55:05] ERROR: Erreur de vérification du token: jwt malformed
[2025-04-14 16:55:05] ERROR: Erreur de vérification du token: jwt malformed
[2025-04-14 16:55:06] ERROR: Erreur de vérification du token: jwt malformed
[2025-04-14 16:55:06] ERROR: Erreur de vérification du token: jwt malformed
[2025-04-14 16:55:06] ERROR: Erreur de vérification du token: jwt malformed
[2025-04-14 16:55:06] ERROR: Erreur de vérification du token: jwt malformed
[2025-04-14 16:55:06] ERROR: Erreur de vérification du token: jwt malformed
[2025-04-14 16:55:06] ERROR: Erreur de vérification du token: jwt malformed
[2025-04-14 16:55:06] ERROR: Erreur de vérification du token: jwt malformed
[2025-04-14 16:55:06] ERROR: Erreur de vérification du token: jwt malformed
[2025-04-14 16:55:06] ERROR: Erreur de vérification du token: jwt malformed
[2025-04-14 16:55:06] ERROR: Erreur de vérification du token: jwt malformed
[2025-04-14 16:55:07] ERROR: Erreur de vérification du token: jwt malformed
[2025-04-14 16:55:07] ERROR: Erreur de vérification du token: jwt malformed
[2025-04-14 16:55:07] ERROR: Erreur de vérification du token: jwt malformed
[2025-04-14 16:55:07] ERROR: Erreur de vérification du token: jwt malformed
[2025-04-14 16:55:07] ERROR: Erreur de vérification du token: jwt malformed
[2025-04-14 16:55:07] ERROR: Erreur de vérification du token: jwt malformed
[2025-04-14 16:55:07] ERROR: Erreur de vérification du token: jwt malformed
[2025-04-14 16:55:07] ERROR: Erreur de vérification du token: jwt malformed
[2025-04-14 16:55:07] ERROR: Erreur de vérification du token: jwt malformed
[2025-04-14 16:55:07] ERROR: Erreur de vérification du token: jwt malformed
[2025-04-14 16:55:08] ERROR: Erreur de vérification du token: jwt malformed
[2025-04-14 16:55:08] ERROR: Erreur de vérification du token: jwt malformed
[2025-04-14 16:55:08] ERROR: Erreur de vérification du token: jwt malformed
[2025-04-14 16:55:08] ERROR: Erreur de vérification du token: jwt malformed
[2025-04-14 16:55:08] ERROR: Erreur de vérification du token: jwt malformed
[2025-04-14 16:55:08] ERROR: Erreur de vérification du token: jwt malformed
[2025-04-14 16:55:08] ERROR: Erreur de vérification du token: jwt malformed
[2025-04-14 16:55:08] ERROR: Erreur de vérification du token: jwt malformed
[2025-04-14 16:55:08] ERROR: Erreur de vérification du token: jwt malformed
[2025-04-14 16:55:08] ERROR: Erreur de vérification du token: jwt malformed
[2025-04-14 16:55:09] ERROR: Erreur de vérification du token: jwt malformed
[2025-04-14 16:55:09] ERROR: Erreur de vérification du token: jwt malformed
[2025-04-14 16:55:09] ERROR: Erreur de vérification du token: jwt malformed
[2025-04-14 16:55:09] ERROR: Erreur de vérification du token: jwt malformed
[2025-04-14 16:55:09] ERROR: Erreur de vérification du token: jwt malformed
[2025-04-14 16:55:09] ERROR: Erreur de vérification du token: jwt malformed
[2025-04-14 16:55:09] ERROR: Erreur de vérification du token: jwt malformed
[2025-04-14 16:55:09] ERROR: Erreur de vérification du token: jwt malformed
[2025-04-14 16:55:09] ERROR: Erreur de vérification du token: jwt malformed
[2025-04-14 16:55:09] ERROR: Erreur de vérification du token: jwt malformed
[2025-04-14 16:55:09] ERROR: Erreur de vérification du token: jwt malformed
[2025-04-14 16:55:09] ERROR: Erreur de vérification du token: jwt malformed
[2025-04-14 16:55:10] ERROR: Erreur de vérification du token: jwt malformed
[2025-04-14 16:55:10] ERROR: Erreur de vérification du token: jwt malformed
[2025-04-14 16:55:10] ERROR: Erreur de vérification du token: jwt malformed
[2025-04-14 16:55:10] ERROR: Erreur de vérification du token: jwt malformed
[2025-04-14 16:55:10] ERROR: Erreur de vérification du token: jwt malformed
[2025-04-14 16:55:10] ERROR: Erreur de vérification du token: jwt malformed
[2025-04-14 16:55:10] ERROR: Erreur de vérification du token: jwt malformed
[2025-04-14 16:55:10] ERROR: Erreur de vérification du token: jwt malformed
[2025-04-14 16:55:10] ERROR: Erreur de vérification du token: jwt malformed
[2025-04-14 16:55:10] ERROR: Erreur de vérification du token: jwt malformed
[2025-04-14 16:55:11] ERROR: Erreur de vérification du token: jwt malformed
[2025-04-14 16:55:11] ERROR: Erreur de vérification du token: jwt malformed
[2025-04-14 16:55:11] ERROR: Erreur de vérification du token: jwt malformed
[2025-04-14 16:55:11] ERROR: Erreur de vérification du token: jwt malformed
[2025-04-14 16:55:11] ERROR: Erreur de vérification du token: jwt malformed
[2025-04-14 16:55:11] ERROR: Erreur de vérification du token: jwt malformed
[2025-04-14 16:55:11] ERROR: Erreur de vérification du token: jwt malformed
[2025-04-14 16:55:11] ERROR: Erreur de vérification du token: jwt malformed
[2025-04-14 16:55:12] ERROR: Erreur de vérification du token: jwt malformed
[2025-04-14 16:55:12] ERROR: Erreur de vérification du token: jwt malformed
[2025-04-14 16:55:12] ERROR: Erreur de vérification du token: jwt malformed
[2025-04-14 16:55:12] ERROR: Erreur de vérification du token: jwt malformed
[2025-04-14 16:55:12] ERROR: Erreur de vérification du token: jwt malformed
[2025-04-14 16:55:12] ERROR: Erreur de vérification du token: jwt malformed
[2025-04-14 16:55:12] ERROR: Erreur de vérification du token: jwt malformed
[2025-04-14 16:55:12] ERROR: Erreur de vérification du token: jwt malformed
[2025-04-14 16:55:12] ERROR: Erreur de vérification du token: jwt malformed
[2025-04-14 16:55:12] ERROR: Erreur de vérification du token: jwt malformed
[2025-04-14 16:55:13] ERROR: Erreur de vérification du token: jwt malformed
[2025-04-14 16:55:13] ERROR: Erreur de vérification du token: jwt malformed
[2025-04-14 16:55:13] ERROR: Erreur de vérification du token: jwt malformed
[2025-04-14 16:55:13] ERROR: Erreur de vérification du token: jwt malformed
[2025-04-14 16:55:13] ERROR: Erreur de vérification du token: jwt malformed
[2025-04-14 16:55:13] ERROR: Erreur de vérification du token: jwt malformed
[2025-04-14 16:55:13] ERROR: Erreur de vérification du token: jwt malformed
[2025-04-14 16:55:13] ERROR: Erreur de vérification du token: jwt malformed
[2025-04-14 16:55:13] ERROR: Erreur de vérification du token: jwt malformed
[2025-04-14 16:55:13] ERROR: Erreur de vérification du token: jwt malformed
[2025-04-14 16:55:14] ERROR: Erreur de vérification du token: jwt malformed
[2025-04-14 16:55:14] ERROR: Erreur de vérification du token: jwt malformed
[2025-04-14 16:55:14] ERROR: Erreur de vérification du token: jwt malformed
[2025-04-14 16:55:14] ERROR: Erreur de vérification du token: jwt malformed
[2025-04-14 16:55:14] ERROR: Erreur de vérification du token: jwt malformed
[2025-04-14 16:55:14] ERROR: Erreur de vérification du token: jwt malformed
[2025-04-14 16:55:14] ERROR: Erreur de vérification du token: jwt malformed
[2025-04-14 16:55:14] ERROR: Erreur de vérification du token: jwt malformed
[2025-04-14 16:55:14] ERROR: Erreur de vérification du token: jwt malformed
[2025-04-14 16:55:14] ERROR: Erreur de vérification du token: jwt malformed
[2025-04-14 16:55:15] ERROR: Erreur de vérification du token: jwt malformed
[2025-04-14 16:55:15] ERROR: Erreur de vérification du token: jwt malformed
[2025-04-14 16:55:15] ERROR: Erreur de vérification du token: jwt malformed
[2025-04-14 16:55:15] ERROR: Erreur de vérification du token: jwt malformed
[2025-04-14 16:55:15] ERROR: Erreur de vérification du token: jwt malformed
[2025-04-14 16:55:15] ERROR: Erreur de vérification du token: jwt malformed
[2025-04-14 16:55:15] ERROR: Erreur de vérification du token: jwt malformed
[2025-04-14 16:55:15] ERROR: Erreur de vérification du token: jwt malformed
[2025-04-14 16:55:15] ERROR: Erreur de vérification du token: jwt malformed
[2025-04-14 16:55:15] ERROR: Erreur de vérification du token: jwt malformed
[2025-04-14 16:55:15] ERROR: Erreur de vérification du token: jwt malformed
[2025-04-14 16:55:15] ERROR: Erreur de vérification du token: jwt malformed
[2025-04-14 16:55:16] ERROR: Erreur de vérification du token: jwt malformed
[2025-04-14 16:55:16] ERROR: Erreur de vérification du token: jwt malformed
[2025-04-14 16:55:16] ERROR: Erreur de vérification du token: jwt malformed
[2025-04-14 16:55:16] ERROR: Erreur de vérification du token: jwt malformed
[2025-04-14 16:55:16] ERROR: Erreur de vérification du token: jwt malformed
[2025-04-14 16:55:16] ERROR: Erreur de vérification du token: jwt malformed
[2025-04-14 16:55:16] ERROR: Erreur de vérification du token: jwt malformed
[2025-04-14 16:55:16] ERROR: Erreur de vérification du token: jwt malformed
[2025-04-14 16:55:16] ERROR: Erreur de vérification du token: jwt malformed
[2025-04-14 16:55:16] ERROR: Erreur de vérification du token: jwt malformed
[2025-04-14 16:55:17] ERROR: Erreur de vérification du token: jwt malformed
[2025-04-14 16:55:17] ERROR: Erreur de vérification du token: jwt malformed
[2025-04-14 16:55:17] ERROR: Erreur de vérification du token: jwt malformed
[2025-04-14 16:55:17] ERROR: Erreur de vérification du token: jwt malformed
[2025-04-14 16:55:17] ERROR: Erreur de vérification du token: jwt malformed
[2025-04-14 16:55:17] ERROR: Erreur de vérification du token: jwt malformed
[2025-04-14 16:55:17] ERROR: Erreur de vérification du token: jwt malformed
[2025-04-14 16:55:17] ERROR: Erreur de vérification du token: jwt malformed
[2025-04-14 16:55:17] ERROR: Erreur de vérification du token: jwt malformed
[2025-04-14 16:55:17] ERROR: Erreur de vérification du token: jwt malformed
[2025-04-14 16:55:18] ERROR: Erreur de vérification du token: jwt malformed
[2025-04-14 16:55:18] ERROR: Erreur de vérification du token: jwt malformed
[2025-04-14 16:55:18] ERROR: Erreur de vérification du token: jwt malformed
[2025-04-14 16:55:18] ERROR: Erreur de vérification du token: jwt malformed
[2025-04-14 16:55:18] ERROR: Erreur de vérification du token: jwt malformed
[2025-04-14 16:55:18] ERROR: Erreur de vérification du token: jwt malformed
[2025-04-14 16:55:18] ERROR: Erreur de vérification du token: jwt malformed
[2025-04-14 16:55:18] ERROR: Erreur de vérification du token: jwt malformed
[2025-04-14 16:55:18] ERROR: Erreur de vérification du token: jwt malformed
[2025-04-14 16:55:18] ERROR: Erreur de vérification du token: jwt malformed
[2025-04-14 16:55:18] ERROR: Erreur de vérification du token: jwt malformed
[2025-04-14 16:55:18] ERROR: Erreur de vérification du token: jwt malformed
[2025-04-14 16:55:19] ERROR: Erreur de vérification du token: jwt malformed
[2025-04-14 16:55:19] ERROR: Erreur de vérification du token: jwt malformed
[2025-04-14 16:55:19] ERROR: Erreur de vérification du token: jwt malformed
[2025-04-14 16:55:19] ERROR: Erreur de vérification du token: jwt malformed
[2025-04-14 16:55:19] ERROR: Erreur de vérification du token: jwt malformed
[2025-04-14 16:55:19] ERROR: Erreur de vérification du token: jwt malformed
[2025-04-14 16:55:19] ERROR: Erreur de vérification du token: jwt malformed
[2025-04-14 16:55:19] ERROR: Erreur de vérification du token: jwt malformed
[2025-04-14 16:55:19] ERROR: Erreur de vérification du token: jwt malformed
[2025-04-14 16:55:19] ERROR: Erreur de vérification du token: jwt malformed
[2025-04-14 16:55:20] ERROR: Erreur de vérification du token: jwt malformed
[2025-04-14 16:55:20] ERROR: Erreur de vérification du token: jwt malformed
[2025-04-14 16:55:20] ERROR: Erreur de vérification du token: jwt malformed
[2025-04-14 16:55:20] ERROR: Erreur de vérification du token: jwt malformed
[2025-04-14 16:55:20] ERROR: Erreur de vérification du token: jwt malformed
[2025-04-14 16:55:20] ERROR: Erreur de vérification du token: jwt malformed
[2025-04-14 16:55:20] ERROR: Erreur de vérification du token: jwt malformed
[2025-04-14 16:55:20] ERROR: Erreur de vérification du token: jwt malformed
[2025-04-14 16:55:20] ERROR: Erreur de vérification du token: jwt malformed
[2025-04-14 16:55:20] ERROR: Erreur de vérification du token: jwt malformed
[2025-04-14 16:55:21] ERROR: Erreur de vérification du token: jwt malformed
[2025-04-14 16:55:21] ERROR: Erreur de vérification du token: jwt malformed
[2025-04-14 16:55:21] ERROR: Erreur de vérification du token: jwt malformed
[2025-04-14 16:55:21] ERROR: Erreur de vérification du token: jwt malformed
[2025-04-14 16:55:21] ERROR: Erreur de vérification du token: jwt malformed
[2025-04-14 16:55:21] ERROR: Erreur de vérification du token: jwt malformed
[2025-04-14 16:55:21] ERROR: Erreur de vérification du token: jwt malformed
[2025-04-14 16:55:21] ERROR: Erreur de vérification du token: jwt malformed
[2025-04-14 16:55:21] ERROR: Erreur de vérification du token: jwt malformed
[2025-04-14 16:55:21] ERROR: Erreur de vérification du token: jwt malformed
[2025-04-14 16:55:21] ERROR: Erreur de vérification du token: jwt malformed
[2025-04-14 16:55:21] ERROR: Erreur de vérification du token: jwt malformed
[2025-04-14 16:55:22] ERROR: Erreur de vérification du token: jwt malformed
[2025-04-14 16:55:22] ERROR: Erreur de vérification du token: jwt malformed
[2025-04-14 16:55:22] ERROR: Erreur de vérification du token: jwt malformed
[2025-04-14 16:55:22] ERROR: Erreur de vérification du token: jwt malformed
[2025-04-14 16:55:22] ERROR: Erreur de vérification du token: jwt malformed
[2025-04-14 16:55:22] ERROR: Erreur de vérification du token: jwt malformed
[2025-04-14 16:55:22] ERROR: Erreur de vérification du token: jwt malformed
[2025-04-14 16:55:22] ERROR: Erreur de vérification du token: jwt malformed
[2025-04-14 16:55:23] ERROR: Erreur de vérification du token: jwt malformed
[2025-04-14 16:55:23] ERROR: Erreur de vérification du token: jwt malformed
[2025-04-14 16:55:23] ERROR: Erreur de vérification du token: jwt malformed
[2025-04-14 16:55:23] ERROR: Erreur de vérification du token: jwt malformed
[2025-04-14 16:55:23] ERROR: Erreur de vérification du token: jwt malformed
[2025-04-14 16:55:23] ERROR: Erreur de vérification du token: jwt malformed
[2025-04-14 16:55:23] ERROR: Erreur de vérification du token: jwt malformed
[2025-04-14 16:55:23] ERROR: Erreur de vérification du token: jwt malformed
[2025-04-14 16:55:23] ERROR: Erreur de vérification du token: jwt malformed
[2025-04-14 16:55:23] ERROR: Erreur de vérification du token: jwt malformed
[2025-04-14 16:55:24] ERROR: Erreur de vérification du token: jwt malformed
[2025-04-14 16:55:24] ERROR: Erreur de vérification du token: jwt malformed
[2025-04-14 16:55:24] ERROR: Erreur de vérification du token: jwt malformed
[2025-04-14 16:55:24] ERROR: Erreur de vérification du token: jwt malformed
[2025-04-14 16:55:24] ERROR: Erreur de vérification du token: jwt malformed
[2025-04-14 16:55:24] ERROR: Erreur de vérification du token: jwt malformed
[2025-04-14 16:55:24] ERROR: Erreur de vérification du token: jwt malformed
[2025-04-14 16:55:24] ERROR: Erreur de vérification du token: jwt malformed
[2025-04-14 16:55:24] ERROR: Erreur de vérification du token: jwt malformed
[2025-04-14 16:55:24] ERROR: Erreur de vérification du token: jwt malformed
[2025-04-14 16:55:25] ERROR: Erreur de vérification du token: jwt malformed
[2025-04-14 16:55:25] ERROR: Erreur de vérification du token: jwt malformed
[2025-04-14 16:55:25] ERROR: Erreur de vérification du token: jwt malformed
[2025-04-14 16:55:25] ERROR: Erreur de vérification du token: jwt malformed
[2025-04-14 16:55:25] ERROR: Erreur de vérification du token: jwt malformed
[2025-04-14 16:55:25] ERROR: Erreur de vérification du token: jwt malformed
[2025-04-14 16:55:25] ERROR: Erreur de vérification du token: jwt malformed
[2025-04-14 16:55:25] ERROR: Erreur de vérification du token: jwt malformed
[2025-04-14 16:55:25] ERROR: Erreur de vérification du token: jwt malformed
[2025-04-14 16:55:25] ERROR: Erreur de vérification du token: jwt malformed
[2025-04-14 16:55:26] ERROR: Erreur de vérification du token: jwt malformed
[2025-04-14 16:55:26] ERROR: Erreur de vérification du token: jwt malformed
[2025-04-14 16:55:26] ERROR: Erreur de vérification du token: jwt malformed
[2025-04-14 16:55:26] ERROR: Erreur de vérification du token: jwt malformed
[2025-04-14 16:55:26] ERROR: Erreur de vérification du token: jwt malformed
[2025-04-14 16:55:26] ERROR: Erreur de vérification du token: jwt malformed
[2025-04-14 16:55:26] ERROR: Erreur de vérification du token: jwt malformed
[2025-04-14 16:55:26] ERROR: Erreur de vérification du token: jwt malformed
[2025-04-14 16:55:27] ERROR: Erreur de vérification du token: jwt malformed
[2025-04-14 16:55:27] ERROR: Erreur de vérification du token: jwt malformed
[2025-04-14 16:55:27] ERROR: Erreur de vérification du token: jwt malformed
[2025-04-14 16:55:27] ERROR: Erreur de vérification du token: jwt malformed
[2025-04-14 16:55:27] ERROR: Erreur de vérification du token: jwt malformed
[2025-04-14 16:55:27] ERROR: Erreur de vérification du token: jwt malformed
[2025-04-14 16:55:27] ERROR: Erreur de vérification du token: jwt malformed
[2025-04-14 16:55:27] ERROR: Erreur de vérification du token: jwt malformed
[2025-04-14 16:55:27] ERROR: Erreur de vérification du token: jwt malformed
[2025-04-14 16:55:27] ERROR: Erreur de vérification du token: jwt malformed
[2025-04-14 16:55:28] ERROR: Erreur de vérification du token: jwt malformed
[2025-04-14 16:55:28] ERROR: Erreur de vérification du token: jwt malformed
[2025-04-14 16:55:28] ERROR: Erreur de vérification du token: jwt malformed
[2025-04-14 16:55:28] ERROR: Erreur de vérification du token: jwt malformed
[2025-04-14 16:55:28] ERROR: Erreur de vérification du token: jwt malformed
[2025-04-14 16:55:28] ERROR: Erreur de vérification du token: jwt malformed
[2025-04-14 16:55:28] ERROR: Erreur de vérification du token: jwt malformed
[2025-04-14 16:55:28] ERROR: Erreur de vérification du token: jwt malformed
[2025-04-14 16:55:28] ERROR: Erreur de vérification du token: jwt malformed
[2025-04-14 16:55:28] ERROR: Erreur de vérification du token: jwt malformed
[2025-04-14 16:55:29] ERROR: Erreur de vérification du token: jwt malformed
[2025-04-14 16:55:29] ERROR: Erreur de vérification du token: jwt malformed
[2025-04-14 16:55:29] ERROR: Erreur de vérification du token: jwt malformed
[2025-04-14 16:55:29] ERROR: Erreur de vérification du token: jwt malformed
[2025-04-14 16:55:29] ERROR: Erreur de vérification du token: jwt malformed
[2025-04-14 16:55:29] ERROR: Erreur de vérification du token: jwt malformed
[2025-04-14 16:55:29] ERROR: Erreur de vérification du token: jwt malformed
[2025-04-14 16:55:29] ERROR: Erreur de vérification du token: jwt malformed
[2025-04-14 16:55:29] ERROR: Erreur de vérification du token: jwt malformed
[2025-04-14 16:55:29] ERROR: Erreur de vérification du token: jwt malformed
[2025-04-14 16:55:30] ERROR: Erreur de vérification du token: jwt malformed
[2025-04-14 16:55:30] ERROR: Erreur de vérification du token: jwt malformed
[2025-04-14 16:55:30] ERROR: Erreur de vérification du token: jwt malformed
[2025-04-14 16:55:30] ERROR: Erreur de vérification du token: jwt malformed
[2025-04-14 16:55:30] ERROR: Erreur de vérification du token: jwt malformed
[2025-04-14 16:55:30] ERROR: Erreur de vérification du token: jwt malformed
[2025-04-14 16:55:30] ERROR: Erreur de vérification du token: jwt malformed
[2025-04-14 16:55:30] ERROR: Erreur de vérification du token: jwt malformed
[2025-04-14 16:55:30] ERROR: Erreur de vérification du token: jwt malformed
[2025-04-14 16:55:30] ERROR: Erreur de vérification du token: jwt malformed
[2025-04-14 16:55:31] ERROR: Erreur de vérification du token: jwt malformed
[2025-04-14 16:55:31] ERROR: Erreur de vérification du token: jwt malformed
[2025-04-14 16:55:31] ERROR: Erreur de vérification du token: jwt malformed
[2025-04-14 16:55:31] ERROR: Erreur de vérification du token: jwt malformed
[2025-04-14 16:55:31] ERROR: Erreur de vérification du token: jwt malformed
[2025-04-14 16:55:31] ERROR: Erreur de vérification du token: jwt malformed
[2025-04-14 16:55:31] ERROR: Erreur de vérification du token: jwt malformed
[2025-04-14 16:55:31] ERROR: Erreur de vérification du token: jwt malformed
[2025-04-14 16:55:31] ERROR: Erreur de vérification du token: jwt malformed
[2025-04-14 16:55:31] ERROR: Erreur de vérification du token: jwt malformed
[2025-04-14 16:55:31] ERROR: Erreur de vérification du token: jwt malformed
[2025-04-14 16:55:31] ERROR: Erreur de vérification du token: jwt malformed
[2025-04-14 16:55:32] ERROR: Erreur de vérification du token: jwt malformed
[2025-04-14 16:55:32] ERROR: Erreur de vérification du token: jwt malformed
[2025-04-14 16:55:32] ERROR: Erreur de vérification du token: jwt malformed
[2025-04-14 16:55:32] ERROR: Erreur de vérification du token: jwt malformed
[2025-04-14 16:55:32] ERROR: Erreur de vérification du token: jwt malformed
[2025-04-14 16:55:32] ERROR: Erreur de vérification du token: jwt malformed
[2025-04-14 16:55:32] ERROR: Erreur de vérification du token: jwt malformed
[2025-04-14 16:55:32] ERROR: Erreur de vérification du token: jwt malformed
[2025-04-14 16:55:32] ERROR: Erreur de vérification du token: jwt malformed
[2025-04-14 16:55:32] ERROR: Erreur de vérification du token: jwt malformed
[2025-04-14 16:55:33] ERROR: Erreur de vérification du token: jwt malformed
[2025-04-14 16:55:33] ERROR: Erreur de vérification du token: jwt malformed
[2025-04-14 16:55:33] ERROR: Erreur de vérification du token: jwt malformed
[2025-04-14 16:55:33] ERROR: Erreur de vérification du token: jwt malformed
[2025-04-14 16:55:33] ERROR: Erreur de vérification du token: jwt malformed
[2025-04-14 16:55:33] ERROR: Erreur de vérification du token: jwt malformed
[2025-04-14 16:55:33] ERROR: Erreur de vérification du token: jwt malformed
[2025-04-14 16:55:33] ERROR: Erreur de vérification du token: jwt malformed
[2025-04-14 16:55:34] ERROR: Erreur de vérification du token: jwt malformed
[2025-04-14 16:55:34] ERROR: Erreur de vérification du token: jwt malformed
[2025-04-14 16:55:34] ERROR: Erreur de vérification du token: jwt malformed
[2025-04-14 16:55:34] ERROR: Erreur de vérification du token: jwt malformed
[2025-04-14 16:55:34] ERROR: Erreur de vérification du token: jwt malformed
[2025-04-14 16:55:34] ERROR: Erreur de vérification du token: jwt malformed
[2025-04-14 16:55:34] ERROR: Erreur de vérification du token: jwt malformed
[2025-04-14 16:55:34] ERROR: Erreur de vérification du token: jwt malformed
[2025-04-14 16:55:34] ERROR: Erreur de vérification du token: jwt malformed
[2025-04-14 16:55:34] ERROR: Erreur de vérification du token: jwt malformed
[2025-04-14 16:55:35] ERROR: Erreur de vérification du token: jwt malformed
[2025-04-14 16:55:35] ERROR: Erreur de vérification du token: jwt malformed
[2025-04-14 16:55:35] ERROR: Erreur de vérification du token: jwt malformed
[2025-04-14 16:55:35] ERROR: Erreur de vérification du token: jwt malformed
[2025-04-14 16:55:35] ERROR: Erreur de vérification du token: jwt malformed
[2025-04-14 16:55:35] ERROR: Erreur de vérification du token: jwt malformed
[2025-04-14 16:55:35] ERROR: Erreur de vérification du token: jwt malformed
[2025-04-14 16:55:35] ERROR: Erreur de vérification du token: jwt malformed
[2025-04-14 16:55:35] ERROR: Erreur de vérification du token: jwt malformed
[2025-04-14 16:55:35] ERROR: Erreur de vérification du token: jwt malformed
[2025-04-14 16:55:36] ERROR: Erreur de vérification du token: jwt malformed
[2025-04-14 16:55:36] ERROR: Erreur de vérification du token: jwt malformed
[2025-04-14 16:55:36] ERROR: Erreur de vérification du token: jwt malformed
[2025-04-14 16:55:36] ERROR: Erreur de vérification du token: jwt malformed
[2025-04-14 16:55:36] ERROR: Erreur de vérification du token: jwt malformed
[2025-04-14 16:55:36] ERROR: Erreur de vérification du token: jwt malformed
[2025-04-14 16:55:36] ERROR: Erreur de vérification du token: jwt malformed
[2025-04-14 16:55:36] ERROR: Erreur de vérification du token: jwt malformed
[2025-04-14 16:55:36] ERROR: Erreur de vérification du token: jwt malformed
[2025-04-14 16:55:36] ERROR: Erreur de vérification du token: jwt malformed
[2025-04-14 16:55:37] ERROR: Erreur de vérification du token: jwt malformed
[2025-04-14 16:55:37] ERROR: Erreur de vérification du token: jwt malformed
[2025-04-14 16:55:37] ERROR: Erreur de vérification du token: jwt malformed
[2025-04-14 16:55:37] ERROR: Erreur de vérification du token: jwt malformed
[2025-04-14 16:55:37] ERROR: Erreur de vérification du token: jwt malformed
[2025-04-14 16:55:37] ERROR: Erreur de vérification du token: jwt malformed
[2025-04-14 16:55:37] ERROR: Erreur de vérification du token: jwt malformed
[2025-04-14 16:55:37] ERROR: Erreur de vérification du token: jwt malformed
[2025-04-14 16:55:37] ERROR: Erreur de vérification du token: jwt malformed
[2025-04-14 16:55:37] ERROR: Erreur de vérification du token: jwt malformed
[2025-04-14 16:55:38] ERROR: Erreur de vérification du token: jwt malformed
[2025-04-14 16:55:38] ERROR: Erreur de vérification du token: jwt malformed
[2025-04-14 16:55:38] ERROR: Erreur de vérification du token: jwt malformed
[2025-04-14 16:55:38] ERROR: Erreur de vérification du token: jwt malformed
[2025-04-14 16:55:38] ERROR: Erreur de vérification du token: jwt malformed
[2025-04-14 16:55:38] ERROR: Erreur de vérification du token: jwt malformed
[2025-04-14 16:55:38] ERROR: Erreur de vérification du token: jwt malformed
[2025-04-14 16:55:38] ERROR: Erreur de vérification du token: jwt malformed
[2025-04-14 16:55:38] ERROR: Erreur de vérification du token: jwt malformed
[2025-04-14 16:55:38] ERROR: Erreur de vérification du token: jwt malformed
[2025-04-14 16:55:39] ERROR: Erreur de vérification du token: jwt malformed
[2025-04-14 16:55:39] ERROR: Erreur de vérification du token: jwt malformed
[2025-04-14 16:55:39] ERROR: Erreur de vérification du token: jwt malformed
[2025-04-14 16:55:39] ERROR: Erreur de vérification du token: jwt malformed
[2025-04-14 16:55:39] ERROR: Erreur de vérification du token: jwt malformed
[2025-04-14 16:55:39] ERROR: Erreur de vérification du token: jwt malformed
[2025-04-14 16:55:39] ERROR: Erreur de vérification du token: jwt malformed
[2025-04-14 16:55:39] ERROR: Erreur de vérification du token: jwt malformed
[2025-04-14 16:55:39] ERROR: Erreur de vérification du token: jwt malformed
[2025-04-14 16:55:39] ERROR: Erreur de vérification du token: jwt malformed
[2025-04-14 16:55:40] ERROR: Erreur de vérification du token: jwt malformed
[2025-04-14 16:55:40] ERROR: Erreur de vérification du token: jwt malformed
[2025-04-14 16:55:40] ERROR: Erreur de vérification du token: jwt malformed
[2025-04-14 16:55:40] ERROR: Erreur de vérification du token: jwt malformed
[2025-04-14 16:55:40] ERROR: Erreur de vérification du token: jwt malformed
[2025-04-14 16:55:40] ERROR: Erreur de vérification du token: jwt malformed
[2025-04-14 16:55:40] ERROR: Erreur de vérification du token: jwt malformed
[2025-04-14 16:55:40] ERROR: Erreur de vérification du token: jwt malformed
[2025-04-14 16:55:40] ERROR: Erreur de vérification du token: jwt malformed
[2025-04-14 16:55:40] ERROR: Erreur de vérification du token: jwt malformed
[2025-04-14 16:55:41] ERROR: Erreur de vérification du token: jwt malformed
[2025-04-14 16:55:41] ERROR: Erreur de vérification du token: jwt malformed
[2025-04-14 16:55:41] ERROR: Erreur de vérification du token: jwt malformed
[2025-04-14 16:55:41] ERROR: Erreur de vérification du token: jwt malformed
[2025-04-14 16:55:41] ERROR: Erreur de vérification du token: jwt malformed
[2025-04-14 16:55:41] ERROR: Erreur de vérification du token: jwt malformed
[2025-04-14 16:55:41] ERROR: Erreur de vérification du token: jwt malformed
[2025-04-14 16:55:41] ERROR: Erreur de vérification du token: jwt malformed
[2025-04-14 16:55:41] ERROR: Erreur de vérification du token: jwt malformed
[2025-04-14 16:55:41] ERROR: Erreur de vérification du token: jwt malformed
[2025-04-14 16:55:42] ERROR: Erreur de vérification du token: jwt malformed
[2025-04-14 16:55:42] ERROR: Erreur de vérification du token: jwt malformed
[2025-04-14 16:55:42] ERROR: Erreur de vérification du token: jwt malformed
[2025-04-14 16:55:42] ERROR: Erreur de vérification du token: jwt malformed
[2025-04-14 16:55:42] ERROR: Erreur de vérification du token: jwt malformed
[2025-04-14 16:55:42] ERROR: Erreur de vérification du token: jwt malformed
[2025-04-14 16:55:42] ERROR: Erreur de vérification du token: jwt malformed
[2025-04-14 16:55:42] ERROR: Erreur de vérification du token: jwt malformed
[2025-04-14 16:55:43] ERROR: Erreur de vérification du token: jwt malformed
[2025-04-14 16:55:43] ERROR: Erreur de vérification du token: jwt malformed
[2025-04-14 16:55:43] ERROR: Erreur de vérification du token: jwt malformed
[2025-04-14 16:55:43] ERROR: Erreur de vérification du token: jwt malformed
[2025-04-14 16:55:43] ERROR: Erreur de vérification du token: jwt malformed
[2025-04-14 16:55:43] ERROR: Erreur de vérification du token: jwt malformed
[2025-04-14 16:55:43] ERROR: Erreur de vérification du token: jwt malformed
[2025-04-14 16:55:43] ERROR: Erreur de vérification du token: jwt malformed
[2025-04-14 16:55:43] ERROR: Erreur de vérification du token: jwt malformed
[2025-04-14 16:55:43] ERROR: Erreur de vérification du token: jwt malformed
[2025-04-14 16:55:44] ERROR: Erreur de vérification du token: jwt malformed
[2025-04-14 16:55:44] ERROR: Erreur de vérification du token: jwt malformed
[2025-04-14 16:55:44] ERROR: Erreur de vérification du token: jwt malformed
[2025-04-14 16:55:44] ERROR: Erreur de vérification du token: jwt malformed
[2025-04-14 16:55:44] ERROR: Erreur de vérification du token: jwt malformed
[2025-04-14 16:55:44] ERROR: Erreur de vérification du token: jwt malformed
[2025-04-14 16:55:44] ERROR: Erreur de vérification du token: jwt malformed
[2025-04-14 16:55:44] ERROR: Erreur de vérification du token: jwt malformed
[2025-04-14 16:55:44] ERROR: Erreur de vérification du token: jwt malformed
[2025-04-14 16:55:44] ERROR: Erreur de vérification du token: jwt malformed
[2025-04-14 16:55:45] ERROR: Erreur de vérification du token: jwt malformed
[2025-04-14 16:55:45] ERROR: Erreur de vérification du token: jwt malformed
[2025-04-14 16:55:45] ERROR: Erreur de vérification du token: jwt malformed
[2025-04-14 16:55:45] ERROR: Erreur de vérification du token: jwt malformed
[2025-04-14 16:55:45] ERROR: Erreur de vérification du token: jwt malformed
[2025-04-14 16:55:45] ERROR: Erreur de vérification du token: jwt malformed
[2025-04-14 16:55:45] ERROR: Erreur de vérification du token: jwt malformed
[2025-04-14 16:55:45] ERROR: Erreur de vérification du token: jwt malformed
[2025-04-14 16:55:45] ERROR: Erreur de vérification du token: jwt malformed
[2025-04-14 16:55:45] ERROR: Erreur de vérification du token: jwt malformed
[2025-04-14 16:55:46] ERROR: Erreur de vérification du token: jwt malformed
[2025-04-14 16:55:46] ERROR: Erreur de vérification du token: jwt malformed
[2025-04-14 16:55:46] ERROR: Erreur de vérification du token: jwt malformed
[2025-04-14 16:55:46] ERROR: Erreur de vérification du token: jwt malformed
[2025-04-14 16:55:46] ERROR: Erreur de vérification du token: jwt malformed
[2025-04-14 16:55:46] ERROR: Erreur de vérification du token: jwt malformed
[2025-04-14 16:55:46] ERROR: Erreur de vérification du token: jwt malformed
[2025-04-14 16:55:46] ERROR: Erreur de vérification du token: jwt malformed
[2025-04-14 16:55:46] ERROR: Erreur de vérification du token: jwt malformed
[2025-04-14 16:55:46] ERROR: Erreur de vérification du token: jwt malformed
[2025-04-14 16:55:47] ERROR: Erreur de vérification du token: jwt malformed
[2025-04-14 16:55:47] ERROR: Erreur de vérification du token: jwt malformed
[2025-04-14 16:55:47] ERROR: Erreur de vérification du token: jwt malformed
[2025-04-14 16:55:47] ERROR: Erreur de vérification du token: jwt malformed
[2025-04-14 16:55:47] ERROR: Erreur de vérification du token: jwt malformed
[2025-04-14 16:55:47] ERROR: Erreur de vérification du token: jwt malformed
[2025-04-14 16:55:47] ERROR: Erreur de vérification du token: jwt malformed
[2025-04-14 16:55:47] ERROR: Erreur de vérification du token: jwt malformed
[2025-04-14 16:55:47] ERROR: Erreur de vérification du token: jwt malformed
[2025-04-14 16:55:47] ERROR: Erreur de vérification du token: jwt malformed
[2025-04-14 16:55:48] ERROR: Erreur de vérification du token: jwt malformed
[2025-04-14 16:55:48] ERROR: Erreur de vérification du token: jwt malformed
[2025-04-14 16:55:48] ERROR: Erreur de vérification du token: jwt malformed
[2025-04-14 16:55:48] ERROR: Erreur de vérification du token: jwt malformed
[2025-04-14 16:55:48] ERROR: Erreur de vérification du token: jwt malformed
[2025-04-14 16:55:48] ERROR: Erreur de vérification du token: jwt malformed
[2025-04-14 16:55:48] ERROR: Erreur de vérification du token: jwt malformed
[2025-04-14 16:55:48] ERROR: Erreur de vérification du token: jwt malformed
[2025-04-14 16:55:48] ERROR: Erreur de vérification du token: jwt malformed
[2025-04-14 16:55:48] ERROR: Erreur de vérification du token: jwt malformed
[2025-04-14 16:55:49] ERROR: Erreur de vérification du token: jwt malformed
[2025-04-14 16:55:49] ERROR: Erreur de vérification du token: jwt malformed
[2025-04-14 16:55:49] ERROR: Erreur de vérification du token: jwt malformed
[2025-04-14 16:55:49] ERROR: Erreur de vérification du token: jwt malformed
[2025-04-14 16:55:49] ERROR: Erreur de vérification du token: jwt malformed
[2025-04-14 16:55:49] ERROR: Erreur de vérification du token: jwt malformed
[2025-04-14 16:55:49] ERROR: Erreur de vérification du token: jwt malformed
[2025-04-14 16:55:49] ERROR: Erreur de vérification du token: jwt malformed
[2025-04-14 16:55:49] ERROR: Erreur de vérification du token: jwt malformed
[2025-04-14 16:55:49] ERROR: Erreur de vérification du token: jwt malformed
[2025-04-14 16:55:50] ERROR: Erreur de vérification du token: jwt malformed
[2025-04-14 16:55:50] ERROR: Erreur de vérification du token: jwt malformed
[2025-04-14 16:55:50] ERROR: Erreur de vérification du token: jwt malformed
[2025-04-14 16:55:50] ERROR: Erreur de vérification du token: jwt malformed
[2025-04-14 16:55:50] ERROR: Erreur de vérification du token: jwt malformed
[2025-04-14 16:55:50] ERROR: Erreur de vérification du token: jwt malformed
[2025-04-14 16:55:50] ERROR: Erreur de vérification du token: jwt malformed
[2025-04-14 16:55:50] ERROR: Erreur de vérification du token: jwt malformed
[2025-04-14 16:55:50] ERROR: Erreur de vérification du token: jwt malformed
[2025-04-14 16:55:50] ERROR: Erreur de vérification du token: jwt malformed
[2025-04-14 16:55:51] ERROR: Erreur de vérification du token: jwt malformed
[2025-04-14 16:55:51] ERROR: Erreur de vérification du token: jwt malformed
[2025-04-14 16:55:51] ERROR: Erreur de vérification du token: jwt malformed
[2025-04-14 16:55:51] ERROR: Erreur de vérification du token: jwt malformed
[2025-04-14 16:55:51] ERROR: Erreur de vérification du token: jwt malformed
[2025-04-14 16:55:51] ERROR: Erreur de vérification du token: jwt malformed
[2025-04-14 16:55:51] ERROR: Erreur de vérification du token: jwt malformed
[2025-04-14 16:55:51] ERROR: Erreur de vérification du token: jwt malformed
[2025-04-14 16:55:51] ERROR: Erreur de vérification du token: jwt malformed
[2025-04-14 16:55:51] ERROR: Erreur de vérification du token: jwt malformed
[2025-04-14 16:55:52] ERROR: Erreur de vérification du token: jwt malformed
[2025-04-14 16:55:52] ERROR: Erreur de vérification du token: jwt malformed
[2025-04-14 16:55:52] ERROR: Erreur de vérification du token: jwt malformed
[2025-04-14 16:55:52] ERROR: Erreur de vérification du token: jwt malformed
[2025-04-14 16:55:52] ERROR: Erreur de vérification du token: jwt malformed
[2025-04-14 16:55:52] ERROR: Erreur de vérification du token: jwt malformed
[2025-04-14 16:55:52] ERROR: Erreur de vérification du token: jwt malformed
[2025-04-14 16:55:52] ERROR: Erreur de vérification du token: jwt malformed
[2025-04-14 16:55:52] ERROR: Erreur de vérification du token: jwt malformed
[2025-04-14 16:55:52] ERROR: Erreur de vérification du token: jwt malformed
[2025-04-14 16:55:53] ERROR: Erreur de vérification du token: jwt malformed
[2025-04-14 16:55:53] ERROR: Erreur de vérification du token: jwt malformed
[2025-04-14 16:55:53] ERROR: Erreur de vérification du token: jwt malformed
[2025-04-14 16:55:53] ERROR: Erreur de vérification du token: jwt malformed
[2025-04-14 16:55:53] ERROR: Erreur de vérification du token: jwt malformed
[2025-04-14 16:55:53] ERROR: Erreur de vérification du token: jwt malformed
[2025-04-14 16:55:53] ERROR: Erreur de vérification du token: jwt malformed
[2025-04-14 16:55:53] ERROR: Erreur de vérification du token: jwt malformed
[2025-04-14 16:55:53] ERROR: Erreur de vérification du token: jwt malformed
[2025-04-14 16:55:53] ERROR: Erreur de vérification du token: jwt malformed
[2025-04-14 16:55:54] ERROR: Erreur de vérification du token: jwt malformed
[2025-04-14 16:55:54] ERROR: Erreur de vérification du token: jwt malformed
[2025-04-14 16:55:54] ERROR: Erreur de vérification du token: jwt malformed
[2025-04-14 16:55:54] ERROR: Erreur de vérification du token: jwt malformed
[2025-04-14 16:55:54] ERROR: Erreur de vérification du token: jwt malformed
[2025-04-14 16:55:54] ERROR: Erreur de vérification du token: jwt malformed
[2025-04-14 16:55:54] ERROR: Erreur de vérification du token: jwt malformed
[2025-04-14 16:55:54] ERROR: Erreur de vérification du token: jwt malformed
[2025-04-14 16:55:54] ERROR: Erreur de vérification du token: jwt malformed
[2025-04-14 16:55:54] ERROR: Erreur de vérification du token: jwt malformed
[2025-04-14 16:55:55] ERROR: Erreur de vérification du token: jwt malformed
[2025-04-14 16:55:55] ERROR: Erreur de vérification du token: jwt malformed
[2025-04-14 16:55:55] ERROR: Erreur de vérification du token: jwt malformed
[2025-04-14 16:55:55] ERROR: Erreur de vérification du token: jwt malformed
[2025-04-14 16:55:55] ERROR: Erreur de vérification du token: jwt malformed
[2025-04-14 16:55:55] ERROR: Erreur de vérification du token: jwt malformed
[2025-04-14 16:55:55] ERROR: Erreur de vérification du token: jwt malformed
[2025-04-14 16:55:55] ERROR: Erreur de vérification du token: jwt malformed
[2025-04-14 16:55:55] ERROR: Erreur de vérification du token: jwt malformed
[2025-04-14 16:55:55] ERROR: Erreur de vérification du token: jwt malformed
[2025-04-14 16:55:56] ERROR: Erreur de vérification du token: jwt malformed
[2025-04-14 16:55:56] ERROR: Erreur de vérification du token: jwt malformed
[2025-04-14 16:55:56] ERROR: Erreur de vérification du token: jwt malformed
[2025-04-14 16:55:56] ERROR: Erreur de vérification du token: jwt malformed
[2025-04-14 16:55:56] ERROR: Erreur de vérification du token: jwt malformed
[2025-04-14 16:55:56] ERROR: Erreur de vérification du token: jwt malformed
[2025-04-14 16:55:56] ERROR: Erreur de vérification du token: jwt malformed
[2025-04-14 16:55:56] ERROR: Erreur de vérification du token: jwt malformed
[2025-04-14 16:55:56] ERROR: Erreur de vérification du token: jwt malformed
[2025-04-14 16:55:56] ERROR: Erreur de vérification du token: jwt malformed
[2025-04-14 16:55:57] ERROR: Erreur de vérification du token: jwt malformed
[2025-04-14 16:55:57] ERROR: Erreur de vérification du token: jwt malformed
[2025-04-14 16:55:57] ERROR: Erreur de vérification du token: jwt malformed
[2025-04-14 16:55:57] ERROR: Erreur de vérification du token: jwt malformed
[2025-04-14 16:55:57] ERROR: Erreur de vérification du token: jwt malformed
[2025-04-14 16:55:57] ERROR: Erreur de vérification du token: jwt malformed
[2025-04-14 16:55:57] ERROR: Erreur de vérification du token: jwt malformed
[2025-04-14 16:55:57] ERROR: Erreur de vérification du token: jwt malformed
[2025-04-14 16:55:58] ERROR: Erreur de vérification du token: jwt malformed
[2025-04-14 16:55:58] ERROR: Erreur de vérification du token: jwt malformed
[2025-04-14 16:55:58] ERROR: Erreur de vérification du token: jwt malformed
[2025-04-14 16:55:58] ERROR: Erreur de vérification du token: jwt malformed
[2025-04-14 16:55:58] ERROR: Erreur de vérification du token: jwt malformed
[2025-04-14 16:55:58] ERROR: Erreur de vérification du token: jwt malformed
[2025-04-14 16:55:58] ERROR: Erreur de vérification du token: jwt malformed
[2025-04-14 16:55:58] ERROR: Erreur de vérification du token: jwt malformed
[2025-04-14 16:55:58] ERROR: Erreur de vérification du token: jwt malformed
[2025-04-14 16:55:58] ERROR: Erreur de vérification du token: jwt malformed
[2025-04-14 16:55:59] ERROR: Erreur de vérification du token: jwt malformed
[2025-04-14 16:55:59] ERROR: Erreur de vérification du token: jwt malformed
[2025-04-14 16:55:59] ERROR: Erreur de vérification du token: jwt malformed
[2025-04-14 16:55:59] ERROR: Erreur de vérification du token: jwt malformed
[2025-04-14 16:55:59] ERROR: Erreur de vérification du token: jwt malformed
[2025-04-14 16:55:59] ERROR: Erreur de vérification du token: jwt malformed
[2025-04-14 16:55:59] ERROR: Erreur de vérification du token: jwt malformed
[2025-04-14 16:55:59] ERROR: Erreur de vérification du token: jwt malformed
[2025-04-14 16:55:59] ERROR: Erreur de vérification du token: jwt malformed
[2025-04-14 16:55:59] ERROR: Erreur de vérification du token: jwt malformed
[2025-04-14 16:56:00] ERROR: Erreur de vérification du token: jwt malformed
[2025-04-14 16:56:00] ERROR: Erreur de vérification du token: jwt malformed
[2025-04-14 16:56:00] ERROR: Erreur de vérification du token: jwt malformed
[2025-04-14 16:56:00] ERROR: Erreur de vérification du token: jwt malformed
[2025-04-14 16:56:00] ERROR: Erreur de vérification du token: jwt malformed
[2025-04-14 16:56:00] ERROR: Erreur de vérification du token: jwt malformed
[2025-04-14 16:56:00] ERROR: Erreur de vérification du token: jwt malformed
[2025-04-14 16:56:00] ERROR: Erreur de vérification du token: jwt malformed
[2025-04-14 16:56:00] ERROR: Erreur de vérification du token: jwt malformed
[2025-04-14 16:56:00] ERROR: Erreur de vérification du token: jwt malformed
[2025-04-14 16:56:01] ERROR: Erreur de vérification du token: jwt malformed
[2025-04-14 16:56:01] ERROR: Erreur de vérification du token: jwt malformed
[2025-04-14 16:56:01] ERROR: Erreur de vérification du token: jwt malformed
[2025-04-14 16:56:01] ERROR: Erreur de vérification du token: jwt malformed
[2025-04-14 16:56:01] ERROR: Erreur de vérification du token: jwt malformed
[2025-04-14 16:56:01] ERROR: Erreur de vérification du token: jwt malformed
[2025-04-14 16:56:01] ERROR: Erreur de vérification du token: jwt malformed
[2025-04-14 16:56:01] ERROR: Erreur de vérification du token: jwt malformed
[2025-04-14 16:56:01] ERROR: Erreur de vérification du token: jwt malformed
[2025-04-14 16:56:01] ERROR: Erreur de vérification du token: jwt malformed
[2025-04-14 16:56:01] ERROR: Erreur de vérification du token: jwt malformed
[2025-04-14 16:56:01] ERROR: Erreur de vérification du token: jwt malformed
[2025-04-14 16:56:02] ERROR: Erreur de vérification du token: jwt malformed
[2025-04-14 16:56:02] ERROR: Erreur de vérification du token: jwt malformed
[2025-04-14 16:56:02] ERROR: Erreur de vérification du token: jwt malformed
[2025-04-14 16:56:02] ERROR: Erreur de vérification du token: jwt malformed
[2025-04-14 16:56:02] ERROR: Erreur de vérification du token: jwt malformed
[2025-04-14 16:56:02] ERROR: Erreur de vérification du token: jwt malformed
[2025-04-14 16:56:02] ERROR: Erreur de vérification du token: jwt malformed
[2025-04-14 16:56:02] ERROR: Erreur de vérification du token: jwt malformed
[2025-04-14 16:56:02] ERROR: Erreur de vérification du token: jwt malformed
[2025-04-14 16:56:02] ERROR: Erreur de vérification du token: jwt malformed
[2025-04-14 16:56:03] ERROR: Erreur de vérification du token: jwt malformed
[2025-04-14 16:56:03] ERROR: Erreur de vérification du token: jwt malformed
[2025-04-14 16:56:03] ERROR: Erreur de vérification du token: jwt malformed
[2025-04-14 16:56:03] ERROR: Erreur de vérification du token: jwt malformed
[2025-04-14 16:56:03] ERROR: Erreur de vérification du token: jwt malformed
[2025-04-14 16:56:03] ERROR: Erreur de vérification du token: jwt malformed
[2025-04-14 16:56:03] ERROR: Erreur de vérification du token: jwt malformed
[2025-04-14 16:56:03] ERROR: Erreur de vérification du token: jwt malformed
[2025-04-14 16:56:03] ERROR: Erreur de vérification du token: jwt malformed
[2025-04-14 16:56:03] ERROR: Erreur de vérification du token: jwt malformed
[2025-04-14 16:56:04] ERROR: Erreur de vérification du token: jwt malformed
[2025-04-14 16:56:04] ERROR: Erreur de vérification du token: jwt malformed
[2025-04-14 16:56:04] ERROR: Erreur de vérification du token: jwt malformed
[2025-04-14 16:56:04] ERROR: Erreur de vérification du token: jwt malformed
[2025-04-14 16:56:04] ERROR: Erreur de vérification du token: jwt malformed
[2025-04-14 16:56:04] ERROR: Erreur de vérification du token: jwt malformed
[2025-04-14 16:56:04] ERROR: Erreur de vérification du token: jwt malformed
[2025-04-14 16:56:04] ERROR: Erreur de vérification du token: jwt malformed
[2025-04-14 16:56:04] ERROR: Erreur de vérification du token: jwt malformed
[2025-04-14 16:56:04] ERROR: Erreur de vérification du token: jwt malformed
[2025-04-14 16:56:05] ERROR: Erreur de vérification du token: jwt malformed
[2025-04-14 16:56:05] ERROR: Erreur de vérification du token: jwt malformed
